<?xml version="1.0" encoding="UTF-8"?>
<testng-results ignored="0" total="1" passed="1" failed="0" skipped="0">
  <reporter-output>
  </reporter-output>
  <suite started-at="2022-05-11T22:39:29 CLT" name="Default suite" finished-at="2022-05-11T22:39:39 CLT" duration-ms="9599">
    <groups>
    </groups>
    <test started-at="2022-05-11T22:39:29 CLT" name="Default test" finished-at="2022-05-11T22:39:39 CLT" duration-ms="9599">
      <class name="com.test.nosotrosTest">
        <test-method is-config="true" signature="beforeClass()[pri:0, instance:com.test.nosotrosTest@5f058f00]" started-at="2022-05-11T22:39:29 CLT" name="beforeClass" finished-at="2022-05-11T22:39:35 CLT" duration-ms="6004" status="PASS">
          <reporter-output>
          </reporter-output>
        </test-method> <!-- beforeClass -->
        <test-method signature="PruebaNosotros()[pri:0, instance:com.test.nosotrosTest@5f058f00]" started-at="2022-05-11T22:39:35 CLT" name="PruebaNosotros" finished-at="2022-05-11T22:39:39 CLT" duration-ms="3459" status="PASS">
          <reporter-output>
          </reporter-output>
        </test-method> <!-- PruebaNosotros -->
        <test-method is-config="true" signature="afterClass()[pri:0, instance:com.test.nosotrosTest@5f058f00]" started-at="2022-05-11T22:39:39 CLT" name="afterClass" finished-at="2022-05-11T22:39:39 CLT" duration-ms="111" status="PASS">
          <reporter-output>
          </reporter-output>
        </test-method> <!-- afterClass -->
      </class> <!-- com.test.nosotrosTest -->
    </test> <!-- Default test -->
  </suite> <!-- Default suite -->
</testng-results>
